<?xml version="1.0" encoding="UTF-8"?>
<testsuite xmlns:xsi="http://www.w3.org/2001/XMLSchema-instance" xsi:noNamespaceSchemaLocation="https://maven.apache.org/surefire/maven-surefire-plugin/xsd/surefire-test-report.xsd" name="org.example.AnuncianteBeanTest" time="0.027" tests="8" errors="0" skipped="0" failures="0">
  <properties>
[...]
</properties>
  <testcase name="testRemoveAnuncio" classname="org.example.AnuncianteBeanTest" time="0.016"/>
  <testcase name="testCPF" classname="org.example.AnuncianteBeanTest" time="0"/>
  <testcase name="testValorMedioAnuncio" classname="org.example.AnuncianteBeanTest" time="0"/>
  <testcase name="testNome" classname="org.example.AnuncianteBeanTest" time="0"/>
  <testcase name="testRemoveAnuncioIndiceInexistente" classname="org.example.AnuncianteBeanTest" time="0.001"/>
  <testcase name="testAnuncios" classname="org.example.AnuncianteBeanTest" time="0"/>
  <testcase name="testAddAnuncio" classname="org.example.AnuncianteBeanTest" time="0"/>
  <testcase name="testConstrutorSemParametros" classname="org.example.AnuncianteBeanTest" time="0"/>
</testsuite>